Build started 2010-08-24 15:46:03.
     1>Project "C:\Dropbox\Projects\C++\School\SplitFile\SplitFile.vcxproj" on node 2 (build target(s)).
     1>InitializeBuildStatus:
         Creating ".\Debug\SplitFile.unsuccessfulbuild" because "AlwaysCreate" was specified.
       ClCompile:
         C:\Program Files (x86)\Microsoft Visual Studio 10.0\VC\bin\CL.exe /c /ZI /nologo /W3 /WX- /Od /Oy- /D WIN32 /D _DEBUG /D _WINDOWS /D _VC80_UPGRADE=0x0600 /D _MBCS /D _AFXDLL /Gm /EHsc /RTC1 /MDd /GS /Gy- /fp:precise /Zc:wchar_t /Zc:forScope /Yc"stdafx.h" /Fp".\Debug\SplitFile.pch" /Fo".\Debug\\" /Fd".\Debug\vc100.pdb" /Gd /TP /analyze- /errorReport:prompt StdAfx.cpp
         StdAfx.cpp
         _WIN32_WINNT not defined. Defaulting to _WIN32_WINNT_MAXVER (see WinSDKVer.h)
         C:\Program Files (x86)\Microsoft Visual Studio 10.0\VC\bin\CL.exe /c /ZI /nologo /W3 /WX- /Od /Oy- /D WIN32 /D _DEBUG /D _WINDOWS /D _VC80_UPGRADE=0x0600 /D _MBCS /D _AFXDLL /Gm /EHsc /RTC1 /MDd /GS /Gy- /fp:precise /Zc:wchar_t /Zc:forScope /Yu"stdafx.h" /Fp".\Debug\SplitFile.pch" /Fo".\Debug\\" /Fd".\Debug\vc100.pdb" /Gd /TP /analyze- /errorReport:prompt SplitFile.cpp SplitFileDlg.cpp
         SplitFileDlg.cpp
     1>c:\dropbox\projects\c++\school\splitfile\splitfiledlg.cpp(209): warning C4244: '=' : conversion from 'ULONGLONG' to 'DWORD', possible loss of data
     1>c:\dropbox\projects\c++\school\splitfile\splitfiledlg.cpp(269): warning C4244: '=' : conversion from 'ULONGLONG' to 'DWORD', possible loss of data
     1>c:\dropbox\projects\c++\school\splitfile\splitfiledlg.cpp(275): warning C4244: '=' : conversion from 'ULONGLONG' to 'DWORD', possible loss of data
         SplitFile.cpp
     1>c:\dropbox\projects\c++\school\splitfile\splitfile.cpp(52): warning C4996: 'CWinApp::Enable3dControls': CWinApp::Enable3dControls is no longer needed. You should remove this call.
                 c:\program files (x86)\microsoft visual studio 10.0\vc\atlmfc\include\afxwin.h(5344) : see declaration of 'CWinApp::Enable3dControls'
         Generating Code...
       ResourceCompile:
         C:\Program Files (x86)\Microsoft SDKs\Windows\v7.0A\bin\rc.exe /D _DEBUG /D _VC80_UPGRADE=0x0600 /D _AFXDLL /l"0x041d" /nologo /fo".\Debug\SplitFile.res" SplitFile.rc 
       ManifestResourceCompile:
         C:\Program Files (x86)\Microsoft SDKs\Windows\v7.0A\bin\rc.exe /nologo /fo".\Debug\SplitFile.exe.embed.manifest.res" .\Debug\SplitFile_manifest.rc 
       Link:
         C:\Program Files (x86)\Microsoft Visual Studio 10.0\VC\bin\link.exe /ERRORREPORT:PROMPT /OUT:".\Debug\SplitFile.exe" /INCREMENTAL /NOLOGO /MANIFEST /ManifestFile:".\Debug\SplitFile.exe.intermediate.manifest" /MANIFESTUAC:"level='asInvoker' uiAccess='false'" /DEBUG /PDB:"C:\Dropbox\Projects\C++\School\SplitFile\Debug\SplitFile.pdb" /SUBSYSTEM:WINDOWS /TLBID:1 /DYNAMICBASE /NXCOMPAT /IMPLIB:".\Debug\SplitFile.lib" /MACHINE:X86 .\Debug\SplitFile.res
         .\Debug\SplitFile.exe.embed.manifest.res
         .\Debug\SplitFile.obj
         .\Debug\SplitFileDlg.obj
         .\Debug\StdAfx.obj
       Manifest:
         C:\Program Files (x86)\Microsoft SDKs\Windows\v7.0A\bin\mt.exe /nologo /verbose /out:".\Debug\SplitFile.exe.embed.manifest" /manifest .\Debug\SplitFile.exe.intermediate.manifest "C:\Program Files (x86)\Microsoft Visual Studio 10.0\VC\Include\Manifest\dpiaware.manifest"
         C:\Program Files (x86)\Microsoft SDKs\Windows\v7.0A\bin\rc.exe /nologo /fo".\Debug\SplitFile.exe.embed.manifest.res" .\Debug\SplitFile_manifest.rc 
       LinkEmbedManifest:
         C:\Program Files (x86)\Microsoft Visual Studio 10.0\VC\bin\link.exe /ERRORREPORT:PROMPT /OUT:".\Debug\SplitFile.exe" /INCREMENTAL /NOLOGO /MANIFEST /ManifestFile:".\Debug\SplitFile.exe.intermediate.manifest" /MANIFESTUAC:"level='asInvoker' uiAccess='false'" /DEBUG /PDB:"C:\Dropbox\Projects\C++\School\SplitFile\Debug\SplitFile.pdb" /SUBSYSTEM:WINDOWS /TLBID:1 /DYNAMICBASE /NXCOMPAT /IMPLIB:".\Debug\SplitFile.lib" /MACHINE:X86 .\Debug\SplitFile.res
         .\Debug\SplitFile.exe.embed.manifest.res
         .\Debug\SplitFile.obj
         .\Debug\SplitFileDlg.obj
         .\Debug\StdAfx.obj
         SplitFile.vcxproj -> C:\Dropbox\Projects\C++\School\SplitFile\.\Debug\SplitFile.exe
       FinalizeBuildStatus:
         Deleting file ".\Debug\SplitFile.unsuccessfulbuild".
         Touching ".\Debug\SplitFile.lastbuildstate".
     1>Done Building Project "C:\Dropbox\Projects\C++\School\SplitFile\SplitFile.vcxproj" (build target(s)).

Build succeeded.

Time Elapsed 00:00:06.18
