2001.08.29 21:05 B C:\My Documents\Mina Program\C++\Cpp\Adressbok\Adressbok.aps <-- Test /pub/Cpp/Adressbok Adressbok.aps
2001.08.29 21:05 B C:\My Documents\Mina Program\C++\Cpp\Adressbok\Adressbok.clw <-- Test /pub/Cpp/Adressbok Adressbok.clw
2001.08.29 21:05 B C:\My Documents\Mina Program\C++\Cpp\Adressbok\Adressbok.cpp <-- Test /pub/Cpp/Adressbok Adressbok.cpp
2001.08.29 21:05 B C:\My Documents\Mina Program\C++\Cpp\Adressbok\Adressbok.dsp <-- Test /pub/Cpp/Adressbok Adressbok.dsp
2001.08.29 21:05 B C:\My Documents\Mina Program\C++\Cpp\Adressbok\Adressbok.dsw <-- Test /pub/Cpp/Adressbok Adressbok.dsw
2001.08.29 21:05 B C:\My Documents\Mina Program\C++\Cpp\Adressbok\Adressbok.h <-- Test /pub/Cpp/Adressbok Adressbok.h
2001.08.29 21:05 B C:\My Documents\Mina Program\C++\Cpp\Adressbok\Adressbok.ncb <-- Test /pub/Cpp/Adressbok Adressbok.ncb
2001.08.29 21:05 B C:\My Documents\Mina Program\C++\Cpp\Adressbok\Adressbok.opt <-- Test /pub/Cpp/Adressbok Adressbok.opt
2001.08.29 21:05 B C:\My Documents\Mina Program\C++\Cpp\Adressbok\Adressbok.plg <-- Test /pub/Cpp/Adressbok Adressbok.plg
2001.08.29 21:05 B C:\My Documents\Mina Program\C++\Cpp\Adressbok\Adressbok.rc <-- Test /pub/Cpp/Adressbok Adressbok.rc
2001.08.29 21:05 B C:\My Documents\Mina Program\C++\Cpp\Adressbok\AdressbokDlg.cpp <-- Test /pub/Cpp/Adressbok AdressbokDlg.cpp
2001.08.29 21:05 B C:\My Documents\Mina Program\C++\Cpp\Adressbok\AdressbokDlg.h <-- Test /pub/Cpp/Adressbok AdressbokDlg.h
2001.08.29 21:05 B C:\My Documents\Mina Program\C++\Cpp\Adressbok\Final Test.vpa <-- Test /pub/Cpp/Adressbok Final Test.vpa
2001.08.29 21:05 B C:\My Documents\Mina Program\C++\Cpp\Adressbok\Kalle Anka.vpa <-- Test /pub/Cpp/Adressbok Kalle Anka.vpa
2001.08.29 21:05 B C:\My Documents\Mina Program\C++\Cpp\Adressbok\knas.vpa <-- Test /pub/Cpp/Adressbok knas.vpa
2001.08.29 21:05 B C:\My Documents\Mina Program\C++\Cpp\Adressbok\List.h <-- Test /pub/Cpp/Adressbok List.h
2001.08.29 21:05 B C:\My Documents\Mina Program\C++\Cpp\Adressbok\Person.cpp <-- Test /pub/Cpp/Adressbok Person.cpp
2001.08.29 21:05 B C:\My Documents\Mina Program\C++\Cpp\Adressbok\Person.h <-- Test /pub/Cpp/Adressbok Person.h
2001.08.29 21:05 B C:\My Documents\Mina Program\C++\Cpp\Adressbok\ReadMe.txt <-- Test /pub/Cpp/Adressbok ReadMe.txt
2001.08.29 21:05 B C:\My Documents\Mina Program\C++\Cpp\Adressbok\resource.h <-- Test /pub/Cpp/Adressbok resource.h
2001.08.29 21:05 B C:\My Documents\Mina Program\C++\Cpp\Adressbok\SearchDlg.cpp <-- Test /pub/Cpp/Adressbok SearchDlg.cpp
2001.08.29 21:05 B C:\My Documents\Mina Program\C++\Cpp\Adressbok\SearchDlg.h <-- Test /pub/Cpp/Adressbok SearchDlg.h
2001.08.29 21:05 B C:\My Documents\Mina Program\C++\Cpp\Adressbok\StdAfx.cpp <-- Test /pub/Cpp/Adressbok StdAfx.cpp
2001.08.29 21:05 B C:\My Documents\Mina Program\C++\Cpp\Adressbok\StdAfx.h <-- Test /pub/Cpp/Adressbok StdAfx.h
2001.08.29 21:05 B C:\My Documents\Mina Program\C++\Cpp\Adressbok\StringTokenizer.cpp <-- Test /pub/Cpp/Adressbok StringTokenizer.cpp
2001.08.29 21:05 B C:\My Documents\Mina Program\C++\Cpp\Adressbok\StringTokenizer.h <-- Test /pub/Cpp/Adressbok StringTokenizer.h
2001.08.29 21:05 B C:\My Documents\Mina Program\C++\Cpp\Adressbok\Telefonbok.cpp <-- Test /pub/Cpp/Adressbok Telefonbok.cpp
2001.08.29 21:05 B C:\My Documents\Mina Program\C++\Cpp\Adressbok\Telefonbok.h <-- Test /pub/Cpp/Adressbok Telefonbok.h
2001.08.29 21:05 B C:\My Documents\Mina Program\C++\Cpp\Adressbok\Vik.vpa <-- Test /pub/Cpp/Adressbok Vik.vpa
